<?xml version="1.0" encoding="UTF-8"?>
<!-- Generated by org.testng.reporters.JUnitXMLReporter -->
<testsuite ignored="0" hostname="DESKTOP-0CJ158F" failures="0" tests="3" name="OrangeHRMS_test" time="52.099" errors="0" timestamp="2026-05-21T18:00:07 IST">
  <testcase classname="TestCases.Login_TC" name="testCompanyLogo" time="0.826"/>
  <testcase classname="TestCases.Login_TC" name="testValidLogin" time="10.133"/>
  <testcase classname="TestCases.Login_TC" name="testInvalidLogin" time="1.465"/>
</testsuite> <!-- OrangeHRMS_test -->
