<?xml version="1.0" encoding="UTF-8"?>
<!-- Generated by org.testng.reporters.JUnitXMLReporter -->
<testsuite ignored="0" hostname="DESKTOP-0CJ158F" failures="0" tests="3" name="Login_Test_Test_chrome" time="105.941" errors="0" timestamp="2026-05-28T14:36:49 IST">
  <testcase classname="TestCases.Login_TC" name="testCompanyLogo" time="2.373"/>
  <testcase classname="TestCases.Login_TC" name="testValidLogin" time="15.544"/>
  <testcase classname="TestCases.Login_TC" name="testInvalidLogin" time="9.14"/>
</testsuite> <!-- Login_Test_Test_chrome -->
