<?xml version="1.0" encoding="UTF-8"?>
<!-- Generated by org.testng.reporters.JUnitXMLReporter -->
<testsuite ignored="0" hostname="DESKTOP-0CJ158F" failures="1" tests="3" name="Login_Test_Test_edge" time="117.548" errors="0" timestamp="2026-05-28T14:36:54 IST">
  <testcase classname="TestCases.Login_TC" name="testCompanyLogo" time="1.643"/>
  <testcase classname="TestCases.Login_TC" name="testValidLogin" time="37.933"/>
  <testcase classname="TestCases.Login_TC" name="testInvalidLogin" time="0.945">
    <failure type="java.lang.AssertionError" message="Error message not displayed expected [true] but found [false]">
      <![CDATA[java.lang.AssertionError: Error message not displayed expected [true] but found [false]
at TestCases.Login_TC.testInvalidLogin(Login_TC.java:69)
at java.base/java.util.ArrayList.forEach(ArrayList.java:1597)
at java.base/java.util.concurrent.FutureTask.run(FutureTask.java:317)
at java.base/java.util.concurrent.ThreadPoolExecutor.runWorker(ThreadPoolExecutor.java:1144)
at java.base/java.util.concurrent.ThreadPoolExecutor$Worker.run(ThreadPoolExecutor.java:642)
at java.base/java.lang.Thread.run(Thread.java:1570)
... Removed 18 stack frames]]>
    </failure>
  </testcase> <!-- testInvalidLogin -->
</testsuite> <!-- Login_Test_Test_edge -->
