<?xml version="1.0" encoding="UTF-8"?>
<!-- Generated by org.testng.reporters.JUnitXMLReporter -->
<testsuite ignored="0" hostname="DESKTOP-0CJ158F" failures="0" tests="3" name="Login_Test_Test_chrome" time="66.534" errors="0" timestamp="2026-05-20T17:02:33 IST">
  <testcase classname="TestCases.Login_TC" name="testCompanyLogo" time="4.222"/>
  <testcase classname="TestCases.Login_TC" name="testValidLogin" time="22.914"/>
  <testcase classname="TestCases.Login_TC" name="testInvalidLogin" time="9.677"/>
</testsuite> <!-- Login_Test_Test_chrome -->
