<?xml version="1.0" encoding="UTF-8"?>
<!-- Generated by org.testng.reporters.JUnitXMLReporter -->
<testsuite ignored="0" hostname="DESKTOP-0CJ158F" failures="0" tests="3" name="Login_Test_firefox" time="110.267" errors="0" timestamp="2026-05-28T14:36:49 IST">
  <testcase classname="TestCases.Login_TC" name="testCompanyLogo" time="4.833"/>
  <testcase classname="TestCases.Login_TC" name="testValidLogin" time="22.531"/>
  <testcase classname="TestCases.Login_TC" name="testInvalidLogin" time="2.187"/>
</testsuite> <!-- Login_Test_firefox -->
