<?xml version="1.0" encoding="UTF-8"?>
<!-- Generated by org.testng.reporters.JUnitXMLReporter -->
<testsuite ignored="0" hostname="DESKTOP-0CJ158F" failures="0" tests="3" name="Login_Test_firefox" time="139.631" errors="0" timestamp="2026-05-20T17:03:40 IST">
  <testcase classname="TestCases.Login_TC" name="testCompanyLogo" time="3.922"/>
  <testcase classname="TestCases.Login_TC" name="testValidLogin" time="24.287"/>
  <testcase classname="TestCases.Login_TC" name="testInvalidLogin" time="4.879"/>
</testsuite> <!-- Login_Test_firefox -->
