<?xml version="1.0" encoding="UTF-8"?>
<testng-results ignored="0" total="9" passed="8" failed="1" skipped="0">
  <reporter-output>
  </reporter-output>
  <suite started-at="2026-05-28T14:34:56 IST" name="Candidate_Registration_Suite" finished-at="2026-05-28T14:36:53 IST" duration-ms="117548">
    <groups>
      <group name="smoke">
        <method signature="Login_TC.testCompanyLogo()[pri:1, instance:TestCases.Login_TC@5fbe4146]" name="testCompanyLogo" class="TestCases.Login_TC"/>
        <method signature="Login_TC.testCompanyLogo()[pri:1, instance:TestCases.Login_TC@57250572]" name="testCompanyLogo" class="TestCases.Login_TC"/>
        <method signature="Login_TC.testCompanyLogo()[pri:1, instance:TestCases.Login_TC@2118cddf]" name="testCompanyLogo" class="TestCases.Login_TC"/>
      </group> <!-- smoke -->
      <group name="Smoke">
        <method signature="Login_TC.testValidLogin()[pri:2, instance:TestCases.Login_TC@5fbe4146]" name="testValidLogin" class="TestCases.Login_TC"/>
        <method signature="Login_TC.testInvalidLogin()[pri:3, instance:TestCases.Login_TC@5fbe4146]" name="testInvalidLogin" class="TestCases.Login_TC"/>
        <method signature="Login_TC.testValidLogin()[pri:2, instance:TestCases.Login_TC@57250572]" name="testValidLogin" class="TestCases.Login_TC"/>
        <method signature="Login_TC.testInvalidLogin()[pri:3, instance:TestCases.Login_TC@57250572]" name="testInvalidLogin" class="TestCases.Login_TC"/>
        <method signature="Login_TC.testValidLogin()[pri:2, instance:TestCases.Login_TC@2118cddf]" name="testValidLogin" class="TestCases.Login_TC"/>
        <method signature="Login_TC.testInvalidLogin()[pri:3, instance:TestCases.Login_TC@2118cddf]" name="testInvalidLogin" class="TestCases.Login_TC"/>
      </group> <!-- Smoke -->
    </groups>
    <test started-at="2026-05-28T14:34:56 IST" name="Login_Test_Test_chrome" finished-at="2026-05-28T14:36:42 IST" duration-ms="105941">
      <class name="TestCases.Login_TC">
        <test-method is-config="true" signature="setdata(java.lang.String,java.lang.String,java.lang.String)[pri:0, instance:TestCases.Login_TC@5fbe4146]" started-at="2026-05-28T14:34:56 IST" name="setdata" finished-at="2026-05-28T14:36:08 IST" duration-ms="71575" status="PASS">
          <params>
            <param index="0">
              <value>
                <![CDATA[chrome]]>
              </value>
            </param>
            <param index="1">
              <value>
                <![CDATA[https://opensource-demo.orangehrmlive.com/web/index.php/auth/login]]>
              </value>
            </param>
            <param index="2">
              <value>
                <![CDATA[Windows]]>
              </value>
            </param>
          </params>
          <reporter-output>
          </reporter-output>
        </test-method> <!-- setdata -->
        <test-method signature="testCompanyLogo()[pri:1, instance:TestCases.Login_TC@5fbe4146]" started-at="2026-05-28T14:36:08 IST" name="testCompanyLogo" finished-at="2026-05-28T14:36:10 IST" duration-ms="2373" status="PASS">
          <reporter-output>
          </reporter-output>
        </test-method> <!-- testCompanyLogo -->
        <test-method is-config="true" signature="captureScreenshotOnFailure(org.testng.ITestResult)[pri:0, instance:TestCases.Login_TC@5fbe4146]" started-at="2026-05-28T14:36:11 IST" name="captureScreenshotOnFailure" finished-at="2026-05-28T14:36:11 IST" duration-ms="2" status="PASS">
          <params>
            <param index="0">
              <value>
                <![CDATA[[TestResult name=testCompanyLogo status=SUCCESS method=Login_TC.testCompanyLogo()[pri:1, instance:TestCases.Login_TC@5fbe4146] output={null}]]]>
              </value>
            </param>
          </params>
          <reporter-output>
          </reporter-output>
        </test-method> <!-- captureScreenshotOnFailure -->
        <test-method signature="testValidLogin()[pri:2, instance:TestCases.Login_TC@5fbe4146]" started-at="2026-05-28T14:36:11 IST" name="testValidLogin" finished-at="2026-05-28T14:36:27 IST" duration-ms="15544" status="PASS">
          <reporter-output>
          </reporter-output>
        </test-method> <!-- testValidLogin -->
        <test-method is-config="true" signature="captureScreenshotOnFailure(org.testng.ITestResult)[pri:0, instance:TestCases.Login_TC@5fbe4146]" started-at="2026-05-28T14:36:27 IST" name="captureScreenshotOnFailure" finished-at="2026-05-28T14:36:27 IST" duration-ms="0" status="PASS">
          <params>
            <param index="0">
              <value>
                <![CDATA[[TestResult name=testValidLogin status=SUCCESS method=Login_TC.testValidLogin()[pri:2, instance:TestCases.Login_TC@5fbe4146] output={null}]]]>
              </value>
            </param>
          </params>
          <reporter-output>
          </reporter-output>
        </test-method> <!-- captureScreenshotOnFailure -->
        <test-method signature="testInvalidLogin()[pri:3, instance:TestCases.Login_TC@5fbe4146]" started-at="2026-05-28T14:36:27 IST" name="testInvalidLogin" finished-at="2026-05-28T14:36:36 IST" duration-ms="9140" status="PASS">
          <reporter-output>
          </reporter-output>
        </test-method> <!-- testInvalidLogin -->
        <test-method is-config="true" signature="captureScreenshotOnFailure(org.testng.ITestResult)[pri:0, instance:TestCases.Login_TC@5fbe4146]" started-at="2026-05-28T14:36:36 IST" name="captureScreenshotOnFailure" finished-at="2026-05-28T14:36:36 IST" duration-ms="1" status="PASS">
          <params>
            <param index="0">
              <value>
                <![CDATA[[TestResult name=testInvalidLogin status=SUCCESS method=Login_TC.testInvalidLogin()[pri:3, instance:TestCases.Login_TC@5fbe4146] output={null}]]]>
              </value>
            </param>
          </params>
          <reporter-output>
          </reporter-output>
        </test-method> <!-- captureScreenshotOnFailure -->
        <test-method is-config="true" signature="tearDown()[pri:0, instance:TestCases.Login_TC@5fbe4146]" started-at="2026-05-28T14:36:36 IST" name="tearDown" finished-at="2026-05-28T14:36:42 IST" duration-ms="5742" status="PASS">
          <reporter-output>
          </reporter-output>
        </test-method> <!-- tearDown -->
      </class> <!-- TestCases.Login_TC -->
    </test> <!-- Login_Test_Test_chrome -->
    <test started-at="2026-05-28T14:34:56 IST" name="Login_Test_firefox" finished-at="2026-05-28T14:36:46 IST" duration-ms="110267">
      <class name="TestCases.Login_TC">
        <test-method is-config="true" signature="setdata(java.lang.String,java.lang.String,java.lang.String)[pri:0, instance:TestCases.Login_TC@2118cddf]" started-at="2026-05-28T14:34:56 IST" name="setdata" finished-at="2026-05-28T14:36:13 IST" duration-ms="76304" status="PASS">
          <params>
            <param index="0">
              <value>
                <![CDATA[firefox]]>
              </value>
            </param>
            <param index="1">
              <value>
                <![CDATA[https://opensource-demo.orangehrmlive.com/web/index.php/auth/login]]>
              </value>
            </param>
            <param index="2">
              <value>
                <![CDATA[Windows]]>
              </value>
            </param>
          </params>
          <reporter-output>
          </reporter-output>
        </test-method> <!-- setdata -->
        <test-method signature="testCompanyLogo()[pri:1, instance:TestCases.Login_TC@2118cddf]" started-at="2026-05-28T14:36:13 IST" name="testCompanyLogo" finished-at="2026-05-28T14:36:18 IST" duration-ms="4833" status="PASS">
          <reporter-output>
          </reporter-output>
        </test-method> <!-- testCompanyLogo -->
        <test-method is-config="true" signature="captureScreenshotOnFailure(org.testng.ITestResult)[pri:0, instance:TestCases.Login_TC@2118cddf]" started-at="2026-05-28T14:36:18 IST" name="captureScreenshotOnFailure" finished-at="2026-05-28T14:36:18 IST" duration-ms="0" status="PASS">
          <params>
            <param index="0">
              <value>
                <![CDATA[[TestResult name=testCompanyLogo status=SUCCESS method=Login_TC.testCompanyLogo()[pri:1, instance:TestCases.Login_TC@2118cddf] output={null}]]]>
              </value>
            </param>
          </params>
          <reporter-output>
          </reporter-output>
        </test-method> <!-- captureScreenshotOnFailure -->
        <test-method signature="testValidLogin()[pri:2, instance:TestCases.Login_TC@2118cddf]" started-at="2026-05-28T14:36:18 IST" name="testValidLogin" finished-at="2026-05-28T14:36:40 IST" duration-ms="22531" status="PASS">
          <reporter-output>
          </reporter-output>
        </test-method> <!-- testValidLogin -->
        <test-method is-config="true" signature="captureScreenshotOnFailure(org.testng.ITestResult)[pri:0, instance:TestCases.Login_TC@2118cddf]" started-at="2026-05-28T14:36:40 IST" name="captureScreenshotOnFailure" finished-at="2026-05-28T14:36:40 IST" duration-ms="1" status="PASS">
          <params>
            <param index="0">
              <value>
                <![CDATA[[TestResult name=testValidLogin status=SUCCESS method=Login_TC.testValidLogin()[pri:2, instance:TestCases.Login_TC@2118cddf] output={null}]]]>
              </value>
            </param>
          </params>
          <reporter-output>
          </reporter-output>
        </test-method> <!-- captureScreenshotOnFailure -->
        <test-method signature="testInvalidLogin()[pri:3, instance:TestCases.Login_TC@2118cddf]" started-at="2026-05-28T14:36:40 IST" name="testInvalidLogin" finished-at="2026-05-28T14:36:42 IST" duration-ms="2187" status="PASS">
          <reporter-output>
          </reporter-output>
        </test-method> <!-- testInvalidLogin -->
        <test-method is-config="true" signature="captureScreenshotOnFailure(org.testng.ITestResult)[pri:0, instance:TestCases.Login_TC@2118cddf]" started-at="2026-05-28T14:36:42 IST" name="captureScreenshotOnFailure" finished-at="2026-05-28T14:36:42 IST" duration-ms="1" status="PASS">
          <params>
            <param index="0">
              <value>
                <![CDATA[[TestResult name=testInvalidLogin status=SUCCESS method=Login_TC.testInvalidLogin()[pri:3, instance:TestCases.Login_TC@2118cddf] output={null}]]]>
              </value>
            </param>
          </params>
          <reporter-output>
          </reporter-output>
        </test-method> <!-- captureScreenshotOnFailure -->
        <test-method is-config="true" signature="tearDown()[pri:0, instance:TestCases.Login_TC@2118cddf]" started-at="2026-05-28T14:36:42 IST" name="tearDown" finished-at="2026-05-28T14:36:46 IST" duration-ms="3891" status="PASS">
          <reporter-output>
          </reporter-output>
        </test-method> <!-- tearDown -->
      </class> <!-- TestCases.Login_TC -->
    </test> <!-- Login_Test_firefox -->
    <test started-at="2026-05-28T14:34:56 IST" name="Login_Test_Test_edge" finished-at="2026-05-28T14:36:53 IST" duration-ms="117548">
      <class name="TestCases.Login_TC">
        <test-method is-config="true" signature="setdata(java.lang.String,java.lang.String,java.lang.String)[pri:0, instance:TestCases.Login_TC@57250572]" started-at="2026-05-28T14:34:56 IST" name="setdata" finished-at="2026-05-28T14:36:11 IST" duration-ms="74494" status="PASS">
          <params>
            <param index="0">
              <value>
                <![CDATA[edge]]>
              </value>
            </param>
            <param index="1">
              <value>
                <![CDATA[https://opensource-demo.orangehrmlive.com/web/index.php/auth/login]]>
              </value>
            </param>
            <param index="2">
              <value>
                <![CDATA[Windows]]>
              </value>
            </param>
          </params>
          <reporter-output>
          </reporter-output>
        </test-method> <!-- setdata -->
        <test-method signature="testCompanyLogo()[pri:1, instance:TestCases.Login_TC@57250572]" started-at="2026-05-28T14:36:11 IST" name="testCompanyLogo" finished-at="2026-05-28T14:36:13 IST" duration-ms="1643" status="PASS">
          <reporter-output>
          </reporter-output>
        </test-method> <!-- testCompanyLogo -->
        <test-method is-config="true" signature="captureScreenshotOnFailure(org.testng.ITestResult)[pri:0, instance:TestCases.Login_TC@57250572]" started-at="2026-05-28T14:36:13 IST" name="captureScreenshotOnFailure" finished-at="2026-05-28T14:36:13 IST" duration-ms="1" status="PASS">
          <params>
            <param index="0">
              <value>
                <![CDATA[[TestResult name=testCompanyLogo status=SUCCESS method=Login_TC.testCompanyLogo()[pri:1, instance:TestCases.Login_TC@57250572] output={null}]]]>
              </value>
            </param>
          </params>
          <reporter-output>
          </reporter-output>
        </test-method> <!-- captureScreenshotOnFailure -->
        <test-method signature="testValidLogin()[pri:2, instance:TestCases.Login_TC@57250572]" started-at="2026-05-28T14:36:13 IST" name="testValidLogin" finished-at="2026-05-28T14:36:51 IST" duration-ms="37933" status="PASS">
          <reporter-output>
          </reporter-output>
        </test-method> <!-- testValidLogin -->
        <test-method is-config="true" signature="captureScreenshotOnFailure(org.testng.ITestResult)[pri:0, instance:TestCases.Login_TC@57250572]" started-at="2026-05-28T14:36:51 IST" name="captureScreenshotOnFailure" finished-at="2026-05-28T14:36:51 IST" duration-ms="1" status="PASS">
          <params>
            <param index="0">
              <value>
                <![CDATA[[TestResult name=testValidLogin status=SUCCESS method=Login_TC.testValidLogin()[pri:2, instance:TestCases.Login_TC@57250572] output={null}]]]>
              </value>
            </param>
          </params>
          <reporter-output>
          </reporter-output>
        </test-method> <!-- captureScreenshotOnFailure -->
        <test-method signature="testInvalidLogin()[pri:3, instance:TestCases.Login_TC@57250572]" started-at="2026-05-28T14:36:51 IST" name="testInvalidLogin" finished-at="2026-05-28T14:36:51 IST" duration-ms="945" status="FAIL">
          <exception class="java.lang.AssertionError">
            <message>
              <![CDATA[Error message not displayed expected [true] but found [false]]]>
            </message>
            <full-stacktrace>
              <![CDATA[java.lang.AssertionError: Error message not displayed expected [true] but found [false]
at org.testng.Assert.fail(Assert.java:111)
at org.testng.Assert.failNotEquals(Assert.java:1590)
at org.testng.Assert.assertTrue(Assert.java:57)
at TestCases.Login_TC.testInvalidLogin(Login_TC.java:69)
at java.base/jdk.internal.reflect.DirectMethodHandleAccessor.invoke(DirectMethodHandleAccessor.java:103)
at java.base/java.lang.reflect.Method.invoke(Method.java:580)
at org.testng.internal.invokers.MethodInvocationHelper.invokeMethod(MethodInvocationHelper.java:141)
at org.testng.internal.invokers.TestInvoker.invokeMethod(TestInvoker.java:687)
at org.testng.internal.invokers.TestInvoker.invokeTestMethod(TestInvoker.java:230)
at org.testng.internal.invokers.MethodRunner.runInSequence(MethodRunner.java:63)
at org.testng.internal.invokers.TestInvoker$MethodInvocationAgent.invoke(TestInvoker.java:995)
at org.testng.internal.invokers.TestInvoker.invokeTestMethods(TestInvoker.java:203)
at org.testng.internal.invokers.TestMethodWorker.invokeTestMethods(TestMethodWorker.java:154)
at org.testng.internal.invokers.TestMethodWorker.run(TestMethodWorker.java:134)
at java.base/java.util.ArrayList.forEach(ArrayList.java:1597)
at org.testng.TestRunner.privateRun(TestRunner.java:741)
at org.testng.TestRunner.run(TestRunner.java:616)
at org.testng.SuiteRunner.runTest(SuiteRunner.java:421)
at org.testng.SuiteRunner$SuiteWorker.run(SuiteRunner.java:463)
at org.testng.internal.thread.ThreadUtil.lambda$execute$0(ThreadUtil.java:64)
at java.base/java.util.concurrent.FutureTask.run(FutureTask.java:317)
at java.base/java.util.concurrent.ThreadPoolExecutor.runWorker(ThreadPoolExecutor.java:1144)
at java.base/java.util.concurrent.ThreadPoolExecutor$Worker.run(ThreadPoolExecutor.java:642)
at java.base/java.lang.Thread.run(Thread.java:1570)
]]>
            </full-stacktrace>
          </exception> <!-- java.lang.AssertionError -->
          <reporter-output>
          </reporter-output>
        </test-method> <!-- testInvalidLogin -->
        <test-method is-config="true" signature="captureScreenshotOnFailure(org.testng.ITestResult)[pri:0, instance:TestCases.Login_TC@57250572]" started-at="2026-05-28T14:36:53 IST" name="captureScreenshotOnFailure" finished-at="2026-05-28T14:36:53 IST" duration-ms="144" status="PASS">
          <params>
            <param index="0">
              <value>
                <![CDATA[[TestResult name=testInvalidLogin status=FAILURE method=Login_TC.testInvalidLogin()[pri:3, instance:TestCases.Login_TC@57250572] output={null}]]]>
              </value>
            </param>
          </params>
          <reporter-output>
          </reporter-output>
        </test-method> <!-- captureScreenshotOnFailure -->
        <test-method is-config="true" signature="tearDown()[pri:0, instance:TestCases.Login_TC@57250572]" started-at="2026-05-28T14:36:53 IST" name="tearDown" finished-at="2026-05-28T14:36:53 IST" duration-ms="557" status="PASS">
          <reporter-output>
          </reporter-output>
        </test-method> <!-- tearDown -->
      </class> <!-- TestCases.Login_TC -->
    </test> <!-- Login_Test_Test_edge -->
  </suite> <!-- Candidate_Registration_Suite -->
</testng-results>
