<?xml version="1.0" encoding="UTF-8"?>
<!-- Generated by org.testng.reporters.JUnitReportReporter -->
<testsuite hostname="DESKTOP-0CJ158F" failures="1" tests="9" name="TestCases.Login_TC" time="97.280" errors="0" timestamp="2026-05-28T14:36:55 IST" skipped="0">
  <testcase classname="TestCases.Login_TC" name="testCompanyLogo" time="1.644"/>
  <testcase classname="TestCases.Login_TC" name="testCompanyLogo" time="2.374"/>
  <testcase classname="TestCases.Login_TC" name="testCompanyLogo" time="4.834"/>
  <testcase classname="TestCases.Login_TC" name="testValidLogin" time="15.546"/>
  <testcase classname="TestCases.Login_TC" name="testValidLogin" time="37.934"/>
  <testcase classname="TestCases.Login_TC" name="testValidLogin" time="22.531"/>
  <testcase classname="TestCases.Login_TC" name="testInvalidLogin" time="1.089">
    <failure message="Error message not displayed expected [true] but found [false]" type="java.lang.AssertionError">
      <![CDATA[java.lang.AssertionError: Error message not displayed expected [true] but found [false]
at org.testng.Assert.fail(Assert.java:111)
at org.testng.Assert.failNotEquals(Assert.java:1590)
at org.testng.Assert.assertTrue(Assert.java:57)
at TestCases.Login_TC.testInvalidLogin(Login_TC.java:69)
at java.base/jdk.internal.reflect.DirectMethodHandleAccessor.invoke(DirectMethodHandleAccessor.java:103)
at java.base/java.lang.reflect.Method.invoke(Method.java:580)
at org.testng.internal.invokers.MethodInvocationHelper.invokeMethod(MethodInvocationHelper.java:141)
at org.testng.internal.invokers.TestInvoker.invokeMethod(TestInvoker.java:687)
at org.testng.internal.invokers.TestInvoker.invokeTestMethod(TestInvoker.java:230)
at org.testng.internal.invokers.MethodRunner.runInSequence(MethodRunner.java:63)
at org.testng.internal.invokers.TestInvoker$MethodInvocationAgent.invoke(TestInvoker.java:995)
at org.testng.internal.invokers.TestInvoker.invokeTestMethods(TestInvoker.java:203)
at org.testng.internal.invokers.TestMethodWorker.invokeTestMethods(TestMethodWorker.java:154)
at org.testng.internal.invokers.TestMethodWorker.run(TestMethodWorker.java:134)
at java.base/java.util.ArrayList.forEach(ArrayList.java:1597)
at org.testng.TestRunner.privateRun(TestRunner.java:741)
at org.testng.TestRunner.run(TestRunner.java:616)
at org.testng.SuiteRunner.runTest(SuiteRunner.java:421)
at org.testng.SuiteRunner$SuiteWorker.run(SuiteRunner.java:463)
at org.testng.internal.thread.ThreadUtil.lambda$execute$0(ThreadUtil.java:64)
at java.base/java.util.concurrent.FutureTask.run(FutureTask.java:317)
at java.base/java.util.concurrent.ThreadPoolExecutor.runWorker(ThreadPoolExecutor.java:1144)
at java.base/java.util.concurrent.ThreadPoolExecutor$Worker.run(ThreadPoolExecutor.java:642)
at java.base/java.lang.Thread.run(Thread.java:1570)
]]>
    </failure>
  </testcase> <!-- testInvalidLogin -->
  <testcase classname="TestCases.Login_TC" name="testInvalidLogin" time="2.188"/>
  <testcase classname="TestCases.Login_TC" name="testInvalidLogin" time="9.140"/>
</testsuite> <!-- TestCases.Login_TC -->
