<?xml version="1.0" encoding="UTF-8"?>
<!-- Generated by org.testng.reporters.JUnitReportReporter -->
<testsuite hostname="DESKTOP-0CJ158F" failures="0" tests="3" name="TestCases.Login_TC" time="13.475" errors="0" timestamp="2026-05-27T18:08:22 IST" skipped="0">
  <testcase classname="TestCases.Login_TC" name="testCompanyLogo" time="0.642"/>
  <testcase classname="TestCases.Login_TC" name="testValidLogin" time="11.065"/>
  <testcase classname="TestCases.Login_TC" name="testInvalidLogin" time="1.768"/>
</testsuite> <!-- TestCases.Login_TC -->
